<?xml version="1.0" encoding="utf-8"?><testsuites><testsuite name="pytest" errors="0" failures="0" skipped="0" tests="3" time="19.017" timestamp="2021-07-14T10:54:11.214767" hostname="Jacobs-MacBook-Pro"><testcase classname="gtda.local_homology.local_homology.test_local_simplicial" name="test_RadiusLocalVietoris" file="gtda/local_homology/local_homology/test_local_simplicial.py" line="37" time="8.687"><properties><property name="hypothesis-statistics-gtda/local_homology/local_homology/test_local_simplicial.py::test_RadiusLocalVietoris" value="Z3RkYS9sb2NhbF9ob21vbG9neS9sb2NhbF9ob21vbG9neS90ZXN0X2xvY2FsX3NpbXBsaWNpYWwucHk6OnRlc3RfUmFkaXVzTG9jYWxWaWV0b3JpczoKCiAgLSBkdXJpbmcgcmV1c2UgcGhhc2UgKDEuODUgc2Vjb25kcyk6CiAgICAtIFR5cGljYWwgcnVudGltZXM6IH4gMTg1M21zLCB+IDAlIGluIGRhdGEgZ2VuZXJhdGlvbgogICAgLSAxIHBhc3NpbmcgZXhhbXBsZXMsIDAgZmFpbGluZyBleGFtcGxlcywgMCBpbnZhbGlkIGV4YW1wbGVzCgogIC0gZHVyaW5nIGdlbmVyYXRlIHBoYXNlICg2LjgxIHNlY29uZHMpOgogICAgLSBUeXBpY2FsIHJ1bnRpbWVzOiAxLTcwIG1zLCB+IDc2JSBpbiBkYXRhIGdlbmVyYXRpb24KICAgIC0gOTkgcGFzc2luZyBleGFtcGxlcywgMCBmYWlsaW5nIGV4YW1wbGVzLCAzMTEgaW52YWxpZCBleGFtcGxlcwogICAgLSBFdmVudHM6CiAgICAgICogNjAuNzMlLCBSZXRyaWVkIGRyYXcgZnJvbSBGaXhlZEJvdW5kZWRGbG9hdFN0cmF0ZWd5KDAuMCwgMS4wLCA2NCkuZmlsdGVyKG5vdF95ZXRfaW5fdW5pcXVlX2xpc3QpIHRvIHNhdGlzZnkgZmlsdGVyCiAgICAgICogOS41MSUsIFJldHJpZWQgZHJhdyBmcm9tIGludGVnZXJzKDEsIDEwKS5maWx0ZXIobm90X3lldF9pbl91bmlxdWVfbGlzdCkgdG8gc2F0aXNmeSBmaWx0ZXIKCiAgLSBTdG9wcGVkIGJlY2F1c2Ugc2V0dGluZ3MubWF4X2V4YW1wbGVzPTEwMA==" /></properties></testcase><testcase classname="gtda.local_homology.local_homology.test_local_simplicial" name="test_equal_radius" file="gtda/local_homology/local_homology/test_local_simplicial.py" line="59" time="2.607"><properties><property name="hypothesis-statistics-gtda/local_homology/local_homology/test_local_simplicial.py::test_equal_radius" value="Z3RkYS9sb2NhbF9ob21vbG9neS9sb2NhbF9ob21vbG9neS90ZXN0X2xvY2FsX3NpbXBsaWNpYWwucHk6OnRlc3RfZXF1YWxfcmFkaXVzOgoKICAtIGR1cmluZyByZXVzZSBwaGFzZSAoMC4wMiBzZWNvbmRzKToKICAgIC0gVHlwaWNhbCBydW50aW1lczogfiAxN21zLCB+IDE1JSBpbiBkYXRhIGdlbmVyYXRpb24KICAgIC0gMSBwYXNzaW5nIGV4YW1wbGVzLCAwIGZhaWxpbmcgZXhhbXBsZXMsIDAgaW52YWxpZCBleGFtcGxlcwoKICAtIGR1cmluZyBnZW5lcmF0ZSBwaGFzZSAoMi41OCBzZWNvbmRzKToKICAgIC0gVHlwaWNhbCBydW50aW1lczogMC0zMiBtcywgfiA2NSUgaW4gZGF0YSBnZW5lcmF0aW9uCiAgICAtIDk5IHBhc3NpbmcgZXhhbXBsZXMsIDAgZmFpbGluZyBleGFtcGxlcywgMTU4IGludmFsaWQgZXhhbXBsZXMKICAgIC0gRXZlbnRzOgogICAgICAqIDQ5LjAzJSwgUmV0cmllZCBkcmF3IGZyb20gRml4ZWRCb3VuZGVkRmxvYXRTdHJhdGVneSgwLjAsIDEuMCwgNjQpLmZpbHRlcihub3RfeWV0X2luX3VuaXF1ZV9saXN0KSB0byBzYXRpc2Z5IGZpbHRlcgogICAgICAqIDE0Ljc5JSwgUmV0cmllZCBkcmF3IGZyb20gaW50ZWdlcnMoMSwgMTApLmZpbHRlcihub3RfeWV0X2luX3VuaXF1ZV9saXN0KSB0byBzYXRpc2Z5IGZpbHRlcgoKICAtIFN0b3BwZWQgYmVjYXVzZSBzZXR0aW5ncy5tYXhfZXhhbXBsZXM9MTAw" /></properties></testcase><testcase classname="gtda.local_homology.local_homology.test_local_simplicial" name="test_KNeighborsLocalVietoris" file="gtda/local_homology/local_homology/test_local_simplicial.py" line="67" time="6.277"><properties><property name="hypothesis-statistics-gtda/local_homology/local_homology/test_local_simplicial.py::test_KNeighborsLocalVietoris" value="Z3RkYS9sb2NhbF9ob21vbG9neS9sb2NhbF9ob21vbG9neS90ZXN0X2xvY2FsX3NpbXBsaWNpYWwucHk6OnRlc3RfS05laWdoYm9yc0xvY2FsVmlldG9yaXM6CgogIC0gZHVyaW5nIHJldXNlIHBoYXNlICgwLjM5IHNlY29uZHMpOgogICAgLSBUeXBpY2FsIHJ1bnRpbWVzOiAyOC01MiBtcywgfiA3JSBpbiBkYXRhIGdlbmVyYXRpb24KICAgIC0gMTAgcGFzc2luZyBleGFtcGxlcywgMCBmYWlsaW5nIGV4YW1wbGVzLCAwIGludmFsaWQgZXhhbXBsZXMKCiAgLSBkdXJpbmcgZ2VuZXJhdGUgcGhhc2UgKDUuODcgc2Vjb25kcyk6CiAgICAtIFR5cGljYWwgcnVudGltZXM6IDEtNjkgbXMsIH4gODAlIGluIGRhdGEgZ2VuZXJhdGlvbgogICAgLSA5MCBwYXNzaW5nIGV4YW1wbGVzLCAwIGZhaWxpbmcgZXhhbXBsZXMsIDM1NSBpbnZhbGlkIGV4YW1wbGVzCiAgICAtIEV2ZW50czoKICAgICAgKiAzOS43OCUsIFJldHJpZWQgZHJhdyBmcm9tIEZpeGVkQm91bmRlZEZsb2F0U3RyYXRlZ3koMC4wLCAxLjAsIDY0KS5maWx0ZXIobm90X3lldF9pbl91bmlxdWVfbGlzdCkgdG8gc2F0aXNmeSBmaWx0ZXIKICAgICAgKiA2Ljk3JSwgUmV0cmllZCBkcmF3IGZyb20gaW50ZWdlcnMoMSwgMTApLmZpbHRlcihub3RfeWV0X2luX3VuaXF1ZV9saXN0KSB0byBzYXRpc2Z5IGZpbHRlcgoKICAtIFN0b3BwZWQgYmVjYXVzZSBzZXR0aW5ncy5tYXhfZXhhbXBsZXM9MTAw" /></properties></testcase></testsuite></testsuites>